<?xml version="1.0" encoding="UTF-8"?>
<!-- Generated by org.testng.reporters.JUnitXMLReporter -->
<testsuite hostname="Anjalis-MacBook-Pro.local" name="Default test" tests="1" failures="0" timestamp="29 Jan 2018 01:56:03 GMT" time="0.091" errors="0">
  <testcase name="@BeforeMethod browserSetup" time="0.0" classname="testScripts.CreateAccount">
    <failure type="org.testng.TestNGException" message="
Parameter &amp;apos;URL&amp;apos; is required by @Configuration on method browserSetup but has not been marked @Optional or defined
in /private/var/folders/0c/jltl49451nz1n4pgz06xv3gr0000gn/T/testng-eclipse-1074251631/testng-customsuite.xml">
      <![CDATA[org.testng.TestNGException: 
Parameter 'URL' is required by @Configuration on method browserSetup but has not been marked @Optional or defined
in /private/var/folders/0c/jltl49451nz1n4pgz06xv3gr0000gn/T/testng-eclipse-1074251631/testng-customsuite.xml
	at org.testng.internal.Parameters.createParameters(Parameters.java:155)
	at org.testng.internal.Parameters.createParameters(Parameters.java:358)
	at org.testng.internal.Parameters.createConfigurationParameters(Parameters.java:86)
	at org.testng.internal.Invoker.invokeConfigurations(Invoker.java:199)
	at org.testng.internal.Invoker.invokeMethod(Invoker.java:653)
	at org.testng.internal.Invoker.invokeTestMethod(Invoker.java:901)
	at org.testng.internal.Invoker.invokeTestMethods(Invoker.java:1231)
	at org.testng.internal.TestMethodWorker.invokeTestMethods(TestMethodWorker.java:127)
	at org.testng.internal.TestMethodWorker.run(TestMethodWorker.java:111)
	at org.testng.TestRunner.privateRun(TestRunner.java:767)
	at org.testng.TestRunner.run(TestRunner.java:617)
	at org.testng.SuiteRunner.runTest(SuiteRunner.java:334)
	at org.testng.SuiteRunner.runSequentially(SuiteRunner.java:329)
	at org.testng.SuiteRunner.privateRun(SuiteRunner.java:291)
	at org.testng.SuiteRunner.run(SuiteRunner.java:240)
	at org.testng.SuiteRunnerWorker.runSuite(SuiteRunnerWorker.java:52)
	at org.testng.SuiteRunnerWorker.run(SuiteRunnerWorker.java:86)
	at org.testng.TestNG.runSuitesSequentially(TestNG.java:1224)
	at org.testng.TestNG.runSuitesLocally(TestNG.java:1149)
	at org.testng.TestNG.run(TestNG.java:1057)
	at org.testng.remote.AbstractRemoteTestNG.run(AbstractRemoteTestNG.java:114)
	at org.testng.remote.RemoteTestNG.initAndRun(RemoteTestNG.java:251)
	at org.testng.remote.RemoteTestNG.main(RemoteTestNG.java:77)
]]>
    </failure>
  </testcase> <!-- @BeforeMethod browserSetup -->
  <testcase name="@AfterMethod cleanUp" time="0.0" classname="testScripts.CreateAccount">
    <skipped/>
  </testcase> <!-- @AfterMethod cleanUp -->
  <testcase name="TC_01_CreateAccount" time="0.019" classname="testScripts.CreateAccount">
    <skipped/>
  </testcase> <!-- TC_01_CreateAccount -->
</testsuite> <!-- Default test -->
