<?xml version="1.0" encoding="UTF-8"?>
<!-- Generated by org.testng.reporters.JUnitXMLReporter -->
<testsuite hostname="Anjalis-MacBook-Pro.local" name="Test" tests="3" failures="0" timestamp="29 Jan 2018 21:54:00 GMT" time="31.706" errors="0">
  <testcase name="TC_01_CreateAccount" time="3.49" classname="testScripts.CreateAccount"/>
  <testcase name="TC_02" time="7.298" classname="testScripts.TodaysDeals"/>
  <testcase name="TC_02_eGiftCards" time="7.951" classname="testScripts.eGiftCards"/>
</testsuite> <!-- Test -->
