<?xml version="1.0" encoding="UTF-8"?>
<testng-results skipped="0" failed="0" total="1" passed="1">
  <reporter-output>
  </reporter-output>
  <suite name="Suite" duration-ms="7621" started-at="2018-01-31T00:34:04Z" finished-at="2018-01-31T00:34:12Z">
    <groups>
    </groups>
    <test name="Test" duration-ms="7621" started-at="2018-01-31T00:34:04Z" finished-at="2018-01-31T00:34:12Z">
      <class name="testScripts.VerifyCreateAccount">
        <test-method status="PASS" signature="browserSetup(java.lang.String)[pri:0, instance:testScripts.VerifyCreateAccount@6d00a15d]" name="browserSetup" is-config="true" duration-ms="3691" started-at="2018-01-30T16:34:04Z" finished-at="2018-01-30T16:34:08Z">
          <params>
            <param index="0">
              <value>
                <![CDATA[https://www.amazon.com/]]>
              </value>
            </param>
          </params>
          <reporter-output>
          </reporter-output>
        </test-method> <!-- browserSetup -->
        <test-method status="PASS" signature="checkCreateAccount()[pri:0, instance:testScripts.VerifyCreateAccount@6d00a15d]" name="checkCreateAccount" duration-ms="3529" started-at="2018-01-30T16:34:08Z" finished-at="2018-01-30T16:34:11Z">
          <reporter-output>
          </reporter-output>
        </test-method> <!-- checkCreateAccount -->
        <test-method status="PASS" signature="cleanUp()[pri:0, instance:testScripts.VerifyCreateAccount@6d00a15d]" name="cleanUp" is-config="true" duration-ms="382" started-at="2018-01-30T16:34:11Z" finished-at="2018-01-30T16:34:12Z">
          <reporter-output>
          </reporter-output>
        </test-method> <!-- cleanUp -->
      </class> <!-- testScripts.VerifyCreateAccount -->
    </test> <!-- Test -->
  </suite> <!-- Suite -->
</testng-results>
