<?xml version="1.0" encoding="UTF-8"?>
<testng-results skipped="0" failed="0" total="2" passed="2">
  <reporter-output>
  </reporter-output>
  <suite name="Suite" duration-ms="22716" started-at="2018-01-29T02:08:31Z" finished-at="2018-01-29T02:08:54Z">
    <groups>
    </groups>
    <test name="Test" duration-ms="22716" started-at="2018-01-29T02:08:31Z" finished-at="2018-01-29T02:08:54Z">
      <class name="testScripts.TodaysDeals">
        <test-method status="PASS" signature="browserSetup(java.lang.String)[pri:0, instance:testScripts.TodaysDeals@51efea79]" name="browserSetup" is-config="true" duration-ms="3597" started-at="2018-01-28T18:08:40Z" finished-at="2018-01-28T18:08:43Z">
          <params>
            <param index="0">
              <value>
                <![CDATA[https://www.amazon.com/]]>
              </value>
            </param>
          </params>
          <reporter-output>
          </reporter-output>
        </test-method> <!-- browserSetup -->
        <test-method status="PASS" signature="TC_02()[pri:0, instance:testScripts.TodaysDeals@51efea79]" name="TC_02" duration-ms="8850" started-at="2018-01-28T18:08:43Z" finished-at="2018-01-28T18:08:52Z">
          <reporter-output>
          </reporter-output>
        </test-method> <!-- TC_02 -->
        <test-method status="PASS" signature="cleanUp()[pri:0, instance:testScripts.TodaysDeals@51efea79]" name="cleanUp" is-config="true" duration-ms="1194" started-at="2018-01-28T18:08:52Z" finished-at="2018-01-28T18:08:54Z">
          <reporter-output>
          </reporter-output>
        </test-method> <!-- cleanUp -->
      </class> <!-- testScripts.TodaysDeals -->
      <class name="testScripts.CreateAccount">
        <test-method status="PASS" signature="browserSetup(java.lang.String)[pri:0, instance:testScripts.CreateAccount@1753acfe]" name="browserSetup" is-config="true" duration-ms="4471" started-at="2018-01-28T18:08:31Z" finished-at="2018-01-28T18:08:35Z">
          <params>
            <param index="0">
              <value>
                <![CDATA[https://www.amazon.com/]]>
              </value>
            </param>
          </params>
          <reporter-output>
          </reporter-output>
        </test-method> <!-- browserSetup -->
        <test-method status="PASS" signature="TC_01_CreateAccount()[pri:0, instance:testScripts.CreateAccount@1753acfe]" name="TC_01_CreateAccount" duration-ms="4079" started-at="2018-01-28T18:08:35Z" finished-at="2018-01-28T18:08:39Z">
          <reporter-output>
          </reporter-output>
        </test-method> <!-- TC_01_CreateAccount -->
        <test-method status="PASS" signature="cleanUp()[pri:0, instance:testScripts.CreateAccount@1753acfe]" name="cleanUp" is-config="true" duration-ms="502" started-at="2018-01-28T18:08:39Z" finished-at="2018-01-28T18:08:40Z">
          <reporter-output>
          </reporter-output>
        </test-method> <!-- cleanUp -->
      </class> <!-- testScripts.CreateAccount -->
    </test> <!-- Test -->
  </suite> <!-- Suite -->
</testng-results>
